{"/home/liam/repos/shwordle/isolated_functions/checkWord.js": {"path":"/home/liam/repos/shwordle/isolated_functions/checkWord.js","statementMap":{"0":{"start":{"line":3,"column":17},"end":{"line":3,"column":75}},"1":{"start":{"line":3,"column":68},"end":{"line":3,"column":74}},"2":{"start":{"line":4,"column":27},"end":{"line":4,"column":43}},"3":{"start":{"line":5,"column":29},"end":{"line":5,"column":47}},"4":{"start":{"line":6,"column":32},"end":{"line":6,"column":50}},"5":{"start":{"line":9,"column":4},"end":{"line":15,"column":5}},"6":{"start":{"line":9,"column":17},"end":{"line":9,"column":18}},"7":{"start":{"line":10,"column":8},"end":{"line":14,"column":9}},"8":{"start":{"line":11,"column":12},"end":{"line":11,"column":32}},"9":{"start":{"line":12,"column":12},"end":{"line":12,"column":43}},"10":{"start":{"line":13,"column":12},"end":{"line":13,"column":38}},"11":{"start":{"line":18,"column":4},"end":{"line":28,"column":5}},"12":{"start":{"line":18,"column":17},"end":{"line":18,"column":18}},"13":{"start":{"line":19,"column":31},"end":{"line":19,"column":81}},"14":{"start":{"line":20,"column":8},"end":{"line":27,"column":9}},"15":{"start":{"line":22,"column":12},"end":{"line":24,"column":13}},"16":{"start":{"line":23,"column":16},"end":{"line":23,"column":37}},"17":{"start":{"line":26,"column":12},"end":{"line":26,"column":58}},"18":{"start":{"line":30,"column":4},"end":{"line":30,"column":18}},"19":{"start":{"line":34,"column":0},"end":{"line":34,"column":31}}},"fnMap":{"0":{"name":"checkWord","decl":{"start":{"line":1,"column":9},"end":{"line":1,"column":18}},"loc":{"start":{"line":1,"column":47},"end":{"line":31,"column":1}},"line":1},"1":{"name":"(anonymous_1)","decl":{"start":{"line":3,"column":62},"end":{"line":3,"column":63}},"loc":{"start":{"line":3,"column":68},"end":{"line":3,"column":74}},"line":3}},"branchMap":{"0":{"loc":{"start":{"line":10,"column":8},"end":{"line":14,"column":9}},"type":"if","locations":[{"start":{"line":10,"column":8},"end":{"line":14,"column":9}},{"start":{},"end":{}}],"line":10},"1":{"loc":{"start":{"line":20,"column":8},"end":{"line":27,"column":9}},"type":"if","locations":[{"start":{"line":20,"column":8},"end":{"line":27,"column":9}},{"start":{},"end":{}}],"line":20},"2":{"loc":{"start":{"line":22,"column":12},"end":{"line":24,"column":13}},"type":"if","locations":[{"start":{"line":22,"column":12},"end":{"line":24,"column":13}},{"start":{},"end":{}}],"line":22}},"s":{"0":5,"1":25,"2":5,"3":5,"4":5,"5":5,"6":5,"7":25,"8":6,"9":6,"10":6,"11":5,"12":5,"13":25,"14":25,"15":4,"16":4,"17":4,"18":5,"19":1},"f":{"0":5,"1":25},"b":{"0":[6,19],"1":[4,21],"2":[4,0]},"_coverageSchema":"1a1c01bbd47fc00a2c39e90264f33305004495a9","hash":"abea1aea15007941f8f7b34f6b675f97831ae39a"}
}
