{"/home/liam/repos/shwordle/app.js": {"path":"/home/liam/repos/shwordle/app.js","statementMap":{"0":{"start":{"line":1,"column":0},"end":{"line":3,"column":1}},"1":{"start":{"line":2,"column":2},"end":{"line":2,"column":29}},"2":{"start":{"line":5,"column":18},"end":{"line":5,"column":40}},"3":{"start":{"line":6,"column":14},"end":{"line":6,"column":32}},"4":{"start":{"line":7,"column":11},"end":{"line":7,"column":26}},"5":{"start":{"line":8,"column":19},"end":{"line":8,"column":43}},"6":{"start":{"line":9,"column":13},"end":{"line":9,"column":30}},"7":{"start":{"line":11,"column":16},"end":{"line":11,"column":42}},"8":{"start":{"line":12,"column":17},"end":{"line":12,"column":36}},"9":{"start":{"line":13,"column":22},"end":{"line":13,"column":56}},"10":{"start":{"line":14,"column":15},"end":{"line":14,"column":34}},"11":{"start":{"line":16,"column":13},"end":{"line":16,"column":37}},"12":{"start":{"line":18,"column":18},"end":{"line":18,"column":43}},"13":{"start":{"line":19,"column":17},"end":{"line":19,"column":41}},"14":{"start":{"line":21,"column":10},"end":{"line":21,"column":19}},"15":{"start":{"line":24,"column":14},"end":{"line":24,"column":38}},"16":{"start":{"line":25,"column":0},"end":{"line":25,"column":17}},"17":{"start":{"line":29,"column":17},"end":{"line":29,"column":36}},"18":{"start":{"line":30,"column":0},"end":{"line":30,"column":35}},"19":{"start":{"line":33,"column":16},"end":{"line":33,"column":39}},"20":{"start":{"line":36,"column":0},"end":{"line":36,"column":40}},"21":{"start":{"line":36,"column":22},"end":{"line":36,"column":38}},"22":{"start":{"line":38,"column":2},"end":{"line":38,"column":34}},"23":{"start":{"line":42,"column":0},"end":{"line":49,"column":4}},"24":{"start":{"line":52,"column":0},"end":{"line":71,"column":2}},"25":{"start":{"line":54,"column":4},"end":{"line":69,"column":5}},"26":{"start":{"line":55,"column":19},"end":{"line":55,"column":75}},"27":{"start":{"line":56,"column":6},"end":{"line":58,"column":7}},"28":{"start":{"line":57,"column":8},"end":{"line":57,"column":68}},"29":{"start":{"line":60,"column":20},"end":{"line":60,"column":65}},"30":{"start":{"line":61,"column":6},"end":{"line":64,"column":7}},"31":{"start":{"line":63,"column":8},"end":{"line":63,"column":67}},"32":{"start":{"line":66,"column":6},"end":{"line":66,"column":30}},"33":{"start":{"line":68,"column":6},"end":{"line":68,"column":23}},"34":{"start":{"line":73,"column":0},"end":{"line":75,"column":3}},"35":{"start":{"line":74,"column":2},"end":{"line":74,"column":22}},"36":{"start":{"line":77,"column":0},"end":{"line":84,"column":3}},"37":{"start":{"line":78,"column":2},"end":{"line":83,"column":3}},"38":{"start":{"line":79,"column":17},"end":{"line":79,"column":40}},"39":{"start":{"line":80,"column":4},"end":{"line":80,"column":21}},"40":{"start":{"line":82,"column":4},"end":{"line":82,"column":14}},"41":{"start":{"line":86,"column":0},"end":{"line":86,"column":31}},"42":{"start":{"line":87,"column":0},"end":{"line":87,"column":28}},"43":{"start":{"line":89,"column":0},"end":{"line":89,"column":49}},"44":{"start":{"line":91,"column":0},"end":{"line":94,"column":3}},"45":{"start":{"line":92,"column":2},"end":{"line":92,"column":36}},"46":{"start":{"line":93,"column":2},"end":{"line":93,"column":9}},"47":{"start":{"line":97,"column":0},"end":{"line":97,"column":48}},"48":{"start":{"line":98,"column":0},"end":{"line":98,"column":31}},"49":{"start":{"line":100,"column":0},"end":{"line":100,"column":23}},"50":{"start":{"line":101,"column":0},"end":{"line":101,"column":24}},"51":{"start":{"line":102,"column":0},"end":{"line":102,"column":49}},"52":{"start":{"line":103,"column":0},"end":{"line":103,"column":24}},"53":{"start":{"line":104,"column":0},"end":{"line":104,"column":56}},"54":{"start":{"line":106,"column":0},"end":{"line":106,"column":26}},"55":{"start":{"line":107,"column":0},"end":{"line":107,"column":29}},"56":{"start":{"line":110,"column":0},"end":{"line":112,"column":3}},"57":{"start":{"line":111,"column":2},"end":{"line":111,"column":25}},"58":{"start":{"line":115,"column":0},"end":{"line":123,"column":3}},"59":{"start":{"line":117,"column":2},"end":{"line":117,"column":35}},"60":{"start":{"line":118,"column":2},"end":{"line":118,"column":69}},"61":{"start":{"line":121,"column":2},"end":{"line":121,"column":32}},"62":{"start":{"line":122,"column":2},"end":{"line":122,"column":22}},"63":{"start":{"line":125,"column":0},"end":{"line":125,"column":21}}},"fnMap":{"0":{"name":"(anonymous_0)","decl":{"start":{"line":36,"column":13},"end":{"line":36,"column":14}},"loc":{"start":{"line":36,"column":22},"end":{"line":36,"column":38}},"line":36},"1":{"name":"main","decl":{"start":{"line":37,"column":15},"end":{"line":37,"column":19}},"loc":{"start":{"line":37,"column":22},"end":{"line":39,"column":1}},"line":37},"2":{"name":"(anonymous_2)","decl":{"start":{"line":53,"column":20},"end":{"line":53,"column":21}},"loc":{"start":{"line":53,"column":56},"end":{"line":70,"column":3}},"line":53},"3":{"name":"(anonymous_3)","decl":{"start":{"line":73,"column":23},"end":{"line":73,"column":24}},"loc":{"start":{"line":73,"column":39},"end":{"line":75,"column":1}},"line":73},"4":{"name":"(anonymous_4)","decl":{"start":{"line":77,"column":25},"end":{"line":77,"column":26}},"loc":{"start":{"line":77,"column":45},"end":{"line":84,"column":1}},"line":77},"5":{"name":"(anonymous_5)","decl":{"start":{"line":91,"column":8},"end":{"line":91,"column":9}},"loc":{"start":{"line":91,"column":28},"end":{"line":94,"column":1}},"line":91},"6":{"name":"(anonymous_6)","decl":{"start":{"line":110,"column":8},"end":{"line":110,"column":9}},"loc":{"start":{"line":110,"column":33},"end":{"line":112,"column":1}},"line":110},"7":{"name":"(anonymous_7)","decl":{"start":{"line":115,"column":8},"end":{"line":115,"column":9}},"loc":{"start":{"line":115,"column":38},"end":{"line":123,"column":1}},"line":115}},"branchMap":{"0":{"loc":{"start":{"line":1,"column":0},"end":{"line":3,"column":1}},"type":"if","locations":[{"start":{"line":1,"column":0},"end":{"line":3,"column":1}},{"start":{},"end":{}}],"line":1},"1":{"loc":{"start":{"line":56,"column":6},"end":{"line":58,"column":7}},"type":"if","locations":[{"start":{"line":56,"column":6},"end":{"line":58,"column":7}},{"start":{},"end":{}}],"line":56},"2":{"loc":{"start":{"line":61,"column":6},"end":{"line":64,"column":7}},"type":"if","locations":[{"start":{"line":61,"column":6},"end":{"line":64,"column":7}},{"start":{},"end":{}}],"line":61},"3":{"loc":{"start":{"line":118,"column":21},"end":{"line":118,"column":68}},"type":"cond-expr","locations":[{"start":{"line":118,"column":60},"end":{"line":118,"column":63}},{"start":{"line":118,"column":66},"end":{"line":118,"column":68}}],"line":118},"4":{"loc":{"start":{"line":121,"column":13},"end":{"line":121,"column":30}},"type":"binary-expr","locations":[{"start":{"line":121,"column":13},"end":{"line":121,"column":23}},{"start":{"line":121,"column":27},"end":{"line":121,"column":30}}],"line":121}},"s":{"0":1,"1":1,"2":1,"3":1,"4":1,"5":1,"6":1,"7":1,"8":1,"9":1,"10":1,"11":1,"12":1,"13":1,"14":1,"15":1,"16":1,"17":1,"18":1,"19":1,"20":1,"21":0,"22":1,"23":1,"24":1,"25":0,"26":0,"27":0,"28":0,"29":0,"30":0,"31":0,"32":0,"33":0,"34":1,"35":0,"36":1,"37":0,"38":0,"39":0,"40":0,"41":1,"42":1,"43":1,"44":1,"45":5,"46":5,"47":1,"48":1,"49":1,"50":1,"51":1,"52":1,"53":1,"54":1,"55":1,"56":1,"57":1,"58":1,"59":1,"60":1,"61":1,"62":1,"63":1},"f":{"0":0,"1":1,"2":0,"3":0,"4":0,"5":5,"6":1,"7":1},"b":{"0":[1,0],"1":[0,0],"2":[0,0],"3":[0,1],"4":[1,0]},"_coverageSchema":"1a1c01bbd47fc00a2c39e90264f33305004495a9","hash":"3c3021e6a016b346e8152e3e60445c4931ef56e2"}
,"/home/liam/repos/shwordle/controllers/gameController.js": {"path":"/home/liam/repos/shwordle/controllers/gameController.js","statementMap":{"0":{"start":{"line":1,"column":22},"end":{"line":2315,"column":7}},"1":{"start":{"line":2317,"column":25},"end":{"line":12974,"column":8}},"2":{"start":{"line":12976,"column":19},"end":{"line":12976,"column":40}},"3":{"start":{"line":12978,"column":0},"end":{"line":12986,"column":1}},"4":{"start":{"line":12979,"column":18},"end":{"line":12979,"column":28}},"5":{"start":{"line":12980,"column":17},"end":{"line":12980,"column":50}},"6":{"start":{"line":12982,"column":16},"end":{"line":12982,"column":32}},"7":{"start":{"line":12983,"column":24},"end":{"line":12983,"column":64}},"8":{"start":{"line":12985,"column":4},"end":{"line":12985,"column":38}},"9":{"start":{"line":12988,"column":0},"end":{"line":12991,"column":1}},"10":{"start":{"line":12989,"column":19},"end":{"line":12989,"column":71}},"11":{"start":{"line":12990,"column":4},"end":{"line":12990,"column":33}},"12":{"start":{"line":12993,"column":0},"end":{"line":13001,"column":1}},"13":{"start":{"line":12996,"column":4},"end":{"line":12996,"column":67}},"14":{"start":{"line":12996,"column":55},"end":{"line":12996,"column":67}},"15":{"start":{"line":12998,"column":4},"end":{"line":12998,"column":64}},"16":{"start":{"line":12998,"column":52},"end":{"line":12998,"column":64}},"17":{"start":{"line":13000,"column":4},"end":{"line":13000,"column":17}},"18":{"start":{"line":13004,"column":17},"end":{"line":13005,"column":56}},"19":{"start":{"line":13007,"column":0},"end":{"line":13020,"column":1}},"20":{"start":{"line":13009,"column":20},"end":{"line":13009,"column":22}},"21":{"start":{"line":13011,"column":4},"end":{"line":13011,"column":65}},"22":{"start":{"line":13012,"column":4},"end":{"line":13012,"column":65}},"23":{"start":{"line":13013,"column":4},"end":{"line":13013,"column":65}},"24":{"start":{"line":13014,"column":4},"end":{"line":13014,"column":65}},"25":{"start":{"line":13015,"column":4},"end":{"line":13015,"column":65}},"26":{"start":{"line":13017,"column":4},"end":{"line":13017,"column":27}},"27":{"start":{"line":13019,"column":4},"end":{"line":13019,"column":21}},"28":{"start":{"line":13022,"column":0},"end":{"line":13033,"column":1}},"29":{"start":{"line":13024,"column":20},"end":{"line":13024,"column":22}},"30":{"start":{"line":13026,"column":4},"end":{"line":13026,"column":74}},"31":{"start":{"line":13027,"column":4},"end":{"line":13027,"column":74}},"32":{"start":{"line":13028,"column":4},"end":{"line":13028,"column":74}},"33":{"start":{"line":13029,"column":4},"end":{"line":13029,"column":73}},"34":{"start":{"line":13030,"column":4},"end":{"line":13030,"column":73}},"35":{"start":{"line":13032,"column":4},"end":{"line":13032,"column":21}}},"fnMap":{"0":{"name":"(anonymous_0)","decl":{"start":{"line":12978,"column":23},"end":{"line":12978,"column":24}},"loc":{"start":{"line":12978,"column":29},"end":{"line":12986,"column":1}},"line":12978},"1":{"name":"(anonymous_1)","decl":{"start":{"line":12988,"column":29},"end":{"line":12988,"column":30}},"loc":{"start":{"line":12988,"column":35},"end":{"line":12991,"column":1}},"line":12988},"2":{"name":"(anonymous_2)","decl":{"start":{"line":12993,"column":22},"end":{"line":12993,"column":23}},"loc":{"start":{"line":12993,"column":32},"end":{"line":13001,"column":1}},"line":12993},"3":{"name":"(anonymous_3)","decl":{"start":{"line":13007,"column":22},"end":{"line":13007,"column":23}},"loc":{"start":{"line":13007,"column":32},"end":{"line":13020,"column":1}},"line":13007},"4":{"name":"(anonymous_4)","decl":{"start":{"line":13022,"column":22},"end":{"line":13022,"column":23}},"loc":{"start":{"line":13022,"column":41},"end":{"line":13033,"column":1}},"line":13022}},"branchMap":{"0":{"loc":{"start":{"line":12996,"column":4},"end":{"line":12996,"column":67}},"type":"if","locations":[{"start":{"line":12996,"column":4},"end":{"line":12996,"column":67}},{"start":{},"end":{}}],"line":12996},"1":{"loc":{"start":{"line":12998,"column":4},"end":{"line":12998,"column":64}},"type":"if","locations":[{"start":{"line":12998,"column":4},"end":{"line":12998,"column":64}},{"start":{},"end":{}}],"line":12998}},"s":{"0":1,"1":1,"2":1,"3":1,"4":1,"5":1,"6":1,"7":1,"8":1,"9":1,"10":1,"11":1,"12":1,"13":0,"14":0,"15":0,"16":0,"17":0,"18":1,"19":1,"20":0,"21":0,"22":0,"23":0,"24":0,"25":0,"26":0,"27":0,"28":1,"29":0,"30":0,"31":0,"32":0,"33":0,"34":0,"35":0},"f":{"0":1,"1":1,"2":0,"3":0,"4":0},"b":{"0":[0,0],"1":[0,0]},"_coverageSchema":"1a1c01bbd47fc00a2c39e90264f33305004495a9","hash":"a5cd883e7596c5cc3fdb320335a9182cb311ce59"}
,"/home/liam/repos/shwordle/controllers/userController.js": {"path":"/home/liam/repos/shwordle/controllers/userController.js","statementMap":{"0":{"start":{"line":1,"column":15},"end":{"line":1,"column":34}},"1":{"start":{"line":2,"column":13},"end":{"line":2,"column":38}},"2":{"start":{"line":3,"column":35},"end":{"line":3,"column":63}},"3":{"start":{"line":5,"column":0},"end":{"line":7,"column":2}},"4":{"start":{"line":6,"column":4},"end":{"line":6,"column":24}},"5":{"start":{"line":9,"column":0},"end":{"line":11,"column":2}},"6":{"start":{"line":10,"column":2},"end":{"line":10,"column":56}},"7":{"start":{"line":13,"column":0},"end":{"line":45,"column":2}},"8":{"start":{"line":14,"column":2},"end":{"line":44,"column":3}},"9":{"start":{"line":15,"column":19},"end":{"line":15,"column":40}},"10":{"start":{"line":17,"column":25},"end":{"line":17,"column":90}},"11":{"start":{"line":18,"column":4},"end":{"line":20,"column":5}},"12":{"start":{"line":19,"column":6},"end":{"line":19,"column":63}},"13":{"start":{"line":22,"column":4},"end":{"line":25,"column":5}},"14":{"start":{"line":23,"column":6},"end":{"line":23,"column":42}},"15":{"start":{"line":24,"column":6},"end":{"line":24,"column":42}},"16":{"start":{"line":28,"column":27},"end":{"line":28,"column":67}},"17":{"start":{"line":29,"column":17},"end":{"line":32,"column":6}},"18":{"start":{"line":33,"column":4},"end":{"line":33,"column":22}},"19":{"start":{"line":35,"column":4},"end":{"line":40,"column":7}},"20":{"start":{"line":36,"column":6},"end":{"line":38,"column":7}},"21":{"start":{"line":37,"column":8},"end":{"line":37,"column":25}},"22":{"start":{"line":39,"column":6},"end":{"line":39,"column":31}},"23":{"start":{"line":43,"column":4},"end":{"line":43,"column":21}},"24":{"start":{"line":50,"column":0},"end":{"line":60,"column":2}},"25":{"start":{"line":51,"column":2},"end":{"line":59,"column":3}},"26":{"start":{"line":52,"column":17},"end":{"line":52,"column":68}},"27":{"start":{"line":53,"column":4},"end":{"line":53,"column":72}},"28":{"start":{"line":53,"column":15},"end":{"line":53,"column":72}},"29":{"start":{"line":55,"column":18},"end":{"line":55,"column":45}},"30":{"start":{"line":56,"column":4},"end":{"line":56,"column":20}},"31":{"start":{"line":58,"column":4},"end":{"line":58,"column":14}},"32":{"start":{"line":64,"column":17},"end":{"line":64,"column":55}},"33":{"start":{"line":65,"column":2},"end":{"line":67,"column":5}},"34":{"start":{"line":66,"column":4},"end":{"line":66,"column":53}},"35":{"start":{"line":66,"column":37},"end":{"line":66,"column":53}},"36":{"start":{"line":68,"column":21},"end":{"line":68,"column":34}},"37":{"start":{"line":69,"column":2},"end":{"line":72,"column":4}}},"fnMap":{"0":{"name":"(anonymous_0)","decl":{"start":{"line":5,"column":23},"end":{"line":5,"column":24}},"loc":{"start":{"line":5,"column":37},"end":{"line":7,"column":1}},"line":5},"1":{"name":"(anonymous_1)","decl":{"start":{"line":9,"column":24},"end":{"line":9,"column":25}},"loc":{"start":{"line":9,"column":38},"end":{"line":11,"column":1}},"line":9},"2":{"name":"(anonymous_2)","decl":{"start":{"line":13,"column":21},"end":{"line":13,"column":22}},"loc":{"start":{"line":13,"column":47},"end":{"line":45,"column":1}},"line":13},"3":{"name":"(anonymous_3)","decl":{"start":{"line":35,"column":20},"end":{"line":35,"column":21}},"loc":{"start":{"line":35,"column":29},"end":{"line":40,"column":5}},"line":35},"4":{"name":"(anonymous_4)","decl":{"start":{"line":50,"column":23},"end":{"line":50,"column":24}},"loc":{"start":{"line":50,"column":49},"end":{"line":60,"column":1}},"line":50},"5":{"name":"calculateStats","decl":{"start":{"line":62,"column":9},"end":{"line":62,"column":23}},"loc":{"start":{"line":62,"column":32},"end":{"line":73,"column":1}},"line":62},"6":{"name":"(anonymous_6)","decl":{"start":{"line":65,"column":17},"end":{"line":65,"column":18}},"loc":{"start":{"line":65,"column":26},"end":{"line":67,"column":3}},"line":65}},"branchMap":{"0":{"loc":{"start":{"line":18,"column":4},"end":{"line":20,"column":5}},"type":"if","locations":[{"start":{"line":18,"column":4},"end":{"line":20,"column":5}},{"start":{},"end":{}}],"line":18},"1":{"loc":{"start":{"line":22,"column":4},"end":{"line":25,"column":5}},"type":"if","locations":[{"start":{"line":22,"column":4},"end":{"line":25,"column":5}},{"start":{},"end":{}}],"line":22},"2":{"loc":{"start":{"line":36,"column":6},"end":{"line":38,"column":7}},"type":"if","locations":[{"start":{"line":36,"column":6},"end":{"line":38,"column":7}},{"start":{},"end":{}}],"line":36},"3":{"loc":{"start":{"line":53,"column":4},"end":{"line":53,"column":72}},"type":"if","locations":[{"start":{"line":53,"column":4},"end":{"line":53,"column":72}},{"start":{},"end":{}}],"line":53},"4":{"loc":{"start":{"line":66,"column":4},"end":{"line":66,"column":53}},"type":"if","locations":[{"start":{"line":66,"column":4},"end":{"line":66,"column":53}},{"start":{},"end":{}}],"line":66}},"s":{"0":1,"1":1,"2":1,"3":1,"4":0,"5":1,"6":0,"7":1,"8":0,"9":0,"10":0,"11":0,"12":0,"13":0,"14":0,"15":0,"16":0,"17":0,"18":0,"19":0,"20":0,"21":0,"22":0,"23":0,"24":1,"25":0,"26":0,"27":0,"28":0,"29":0,"30":0,"31":0,"32":0,"33":0,"34":0,"35":0,"36":0,"37":0},"f":{"0":0,"1":0,"2":0,"3":0,"4":0,"5":0,"6":0},"b":{"0":[0,0],"1":[0,0],"2":[0,0],"3":[0,0],"4":[0,0]},"_coverageSchema":"1a1c01bbd47fc00a2c39e90264f33305004495a9","hash":"984047c23db668b011e762e01d205a4d3a30b05d"}
,"/home/liam/repos/shwordle/models/user.js": {"path":"/home/liam/repos/shwordle/models/user.js","statementMap":{"0":{"start":{"line":1,"column":17},"end":{"line":1,"column":36}},"1":{"start":{"line":3,"column":19},"end":{"line":7,"column":4}},"2":{"start":{"line":9,"column":2},"end":{"line":9,"column":96}},"3":{"start":{"line":11,"column":2},"end":{"line":11,"column":53}}},"fnMap":{},"branchMap":{},"s":{"0":1,"1":1,"2":1,"3":1},"f":{},"b":{},"_coverageSchema":"1a1c01bbd47fc00a2c39e90264f33305004495a9","hash":"5a5fc707a1dcf46d21c88e2aa5354ec0fbfa6288"}
,"/home/liam/repos/shwordle/routes/index.js": {"path":"/home/liam/repos/shwordle/routes/index.js","statementMap":{"0":{"start":{"line":1,"column":14},"end":{"line":1,"column":32}},"1":{"start":{"line":2,"column":13},"end":{"line":2,"column":29}},"2":{"start":{"line":4,"column":23},"end":{"line":4,"column":63}},"3":{"start":{"line":6,"column":15},"end":{"line":6,"column":25}},"4":{"start":{"line":7,"column":18},"end":{"line":8,"column":54}},"5":{"start":{"line":10,"column":17},"end":{"line":11,"column":51}},"6":{"start":{"line":14,"column":0},"end":{"line":28,"column":3}},"7":{"start":{"line":15,"column":2},"end":{"line":15,"column":33}},"8":{"start":{"line":16,"column":2},"end":{"line":27,"column":3}},"9":{"start":{"line":17,"column":4},"end":{"line":23,"column":7}},"10":{"start":{"line":18,"column":6},"end":{"line":21,"column":7}},"11":{"start":{"line":19,"column":8},"end":{"line":19,"column":44}},"12":{"start":{"line":20,"column":8},"end":{"line":20,"column":60}},"13":{"start":{"line":22,"column":6},"end":{"line":22,"column":21}},"14":{"start":{"line":25,"column":4},"end":{"line":25,"column":44}},"15":{"start":{"line":26,"column":4},"end":{"line":26,"column":50}},"16":{"start":{"line":31,"column":0},"end":{"line":48,"column":3}},"17":{"start":{"line":32,"column":2},"end":{"line":32,"column":39}},"18":{"start":{"line":34,"column":19},"end":{"line":34,"column":21}},"19":{"start":{"line":37,"column":2},"end":{"line":40,"column":3}},"20":{"start":{"line":38,"column":6},"end":{"line":38,"column":35}},"21":{"start":{"line":39,"column":6},"end":{"line":39,"column":35}},"22":{"start":{"line":42,"column":2},"end":{"line":46,"column":5}},"23":{"start":{"line":51,"column":0},"end":{"line":70,"column":3}},"24":{"start":{"line":52,"column":2},"end":{"line":52,"column":45}},"25":{"start":{"line":54,"column":2},"end":{"line":54,"column":20}},"26":{"start":{"line":56,"column":19},"end":{"line":56,"column":21}},"27":{"start":{"line":59,"column":2},"end":{"line":62,"column":3}},"28":{"start":{"line":60,"column":6},"end":{"line":60,"column":35}},"29":{"start":{"line":61,"column":6},"end":{"line":61,"column":35}},"30":{"start":{"line":64,"column":2},"end":{"line":68,"column":5}},"31":{"start":{"line":73,"column":0},"end":{"line":103,"column":3}},"32":{"start":{"line":75,"column":2},"end":{"line":87,"column":3}},"33":{"start":{"line":77,"column":6},"end":{"line":77,"column":66}},"34":{"start":{"line":78,"column":24},"end":{"line":78,"column":65}},"35":{"start":{"line":80,"column":6},"end":{"line":86,"column":7}},"36":{"start":{"line":81,"column":10},"end":{"line":81,"column":31}},"37":{"start":{"line":84,"column":10},"end":{"line":84,"column":48}},"38":{"start":{"line":85,"column":10},"end":{"line":85,"column":17}},"39":{"start":{"line":89,"column":19},"end":{"line":89,"column":21}},"40":{"start":{"line":92,"column":2},"end":{"line":95,"column":3}},"41":{"start":{"line":93,"column":6},"end":{"line":93,"column":35}},"42":{"start":{"line":94,"column":6},"end":{"line":94,"column":35}},"43":{"start":{"line":97,"column":2},"end":{"line":101,"column":5}},"44":{"start":{"line":107,"column":0},"end":{"line":116,"column":3}},"45":{"start":{"line":108,"column":2},"end":{"line":115,"column":3}},"46":{"start":{"line":109,"column":17},"end":{"line":109,"column":32}},"47":{"start":{"line":110,"column":20},"end":{"line":110,"column":52}},"48":{"start":{"line":111,"column":4},"end":{"line":111,"column":35}},"49":{"start":{"line":113,"column":4},"end":{"line":113,"column":45}},"50":{"start":{"line":114,"column":4},"end":{"line":114,"column":61}},"51":{"start":{"line":118,"column":0},"end":{"line":118,"column":24}}},"fnMap":{"0":{"name":"(anonymous_0)","decl":{"start":{"line":14,"column":16},"end":{"line":14,"column":17}},"loc":{"start":{"line":14,"column":41},"end":{"line":28,"column":1}},"line":14},"1":{"name":"(anonymous_1)","decl":{"start":{"line":17,"column":94},"end":{"line":17,"column":95}},"loc":{"start":{"line":17,"column":109},"end":{"line":23,"column":5}},"line":17},"2":{"name":"(anonymous_2)","decl":{"start":{"line":31,"column":20},"end":{"line":31,"column":21}},"loc":{"start":{"line":31,"column":39},"end":{"line":48,"column":1}},"line":31},"3":{"name":"(anonymous_3)","decl":{"start":{"line":51,"column":22},"end":{"line":51,"column":23}},"loc":{"start":{"line":51,"column":41},"end":{"line":70,"column":1}},"line":51},"4":{"name":"(anonymous_4)","decl":{"start":{"line":73,"column":34},"end":{"line":73,"column":35}},"loc":{"start":{"line":73,"column":53},"end":{"line":103,"column":1}},"line":73},"5":{"name":"(anonymous_5)","decl":{"start":{"line":107,"column":37},"end":{"line":107,"column":38}},"loc":{"start":{"line":107,"column":56},"end":{"line":116,"column":1}},"line":107}},"branchMap":{"0":{"loc":{"start":{"line":18,"column":6},"end":{"line":21,"column":7}},"type":"if","locations":[{"start":{"line":18,"column":6},"end":{"line":21,"column":7}},{"start":{},"end":{}}],"line":18},"1":{"loc":{"start":{"line":37,"column":2},"end":{"line":40,"column":3}},"type":"if","locations":[{"start":{"line":37,"column":2},"end":{"line":40,"column":3}},{"start":{},"end":{}}],"line":37},"2":{"loc":{"start":{"line":44,"column":16},"end":{"line":44,"column":32}},"type":"binary-expr","locations":[{"start":{"line":44,"column":16},"end":{"line":44,"column":26}},{"start":{"line":44,"column":30},"end":{"line":44,"column":32}}],"line":44},"3":{"loc":{"start":{"line":45,"column":14},"end":{"line":45,"column":30}},"type":"binary-expr","locations":[{"start":{"line":45,"column":14},"end":{"line":45,"column":22}},{"start":{"line":45,"column":26},"end":{"line":45,"column":30}}],"line":45},"4":{"loc":{"start":{"line":59,"column":2},"end":{"line":62,"column":3}},"type":"if","locations":[{"start":{"line":59,"column":2},"end":{"line":62,"column":3}},{"start":{},"end":{}}],"line":59},"5":{"loc":{"start":{"line":66,"column":16},"end":{"line":66,"column":32}},"type":"binary-expr","locations":[{"start":{"line":66,"column":16},"end":{"line":66,"column":26}},{"start":{"line":66,"column":30},"end":{"line":66,"column":32}}],"line":66},"6":{"loc":{"start":{"line":67,"column":14},"end":{"line":67,"column":30}},"type":"binary-expr","locations":[{"start":{"line":67,"column":14},"end":{"line":67,"column":22}},{"start":{"line":67,"column":26},"end":{"line":67,"column":30}}],"line":67},"7":{"loc":{"start":{"line":75,"column":2},"end":{"line":87,"column":3}},"type":"if","locations":[{"start":{"line":75,"column":2},"end":{"line":87,"column":3}},{"start":{},"end":{}}],"line":75},"8":{"loc":{"start":{"line":80,"column":6},"end":{"line":86,"column":7}},"type":"if","locations":[{"start":{"line":80,"column":6},"end":{"line":86,"column":7}},{"start":{"line":82,"column":13},"end":{"line":86,"column":7}}],"line":80},"9":{"loc":{"start":{"line":92,"column":2},"end":{"line":95,"column":3}},"type":"if","locations":[{"start":{"line":92,"column":2},"end":{"line":95,"column":3}},{"start":{},"end":{}}],"line":92},"10":{"loc":{"start":{"line":99,"column":16},"end":{"line":99,"column":32}},"type":"binary-expr","locations":[{"start":{"line":99,"column":16},"end":{"line":99,"column":26}},{"start":{"line":99,"column":30},"end":{"line":99,"column":32}}],"line":99},"11":{"loc":{"start":{"line":100,"column":14},"end":{"line":100,"column":30}},"type":"binary-expr","locations":[{"start":{"line":100,"column":14},"end":{"line":100,"column":22}},{"start":{"line":100,"column":26},"end":{"line":100,"column":30}}],"line":100}},"s":{"0":1,"1":1,"2":1,"3":1,"4":1,"5":1,"6":1,"7":2,"8":2,"9":2,"10":2,"11":1,"12":1,"13":1,"14":0,"15":0,"16":1,"17":1,"18":1,"19":1,"20":0,"21":0,"22":1,"23":1,"24":1,"25":1,"26":1,"27":1,"28":0,"29":0,"30":1,"31":1,"32":0,"33":0,"34":0,"35":0,"36":0,"37":0,"38":0,"39":0,"40":0,"41":0,"42":0,"43":0,"44":1,"45":0,"46":0,"47":0,"48":0,"49":0,"50":0,"51":1},"f":{"0":2,"1":2,"2":1,"3":1,"4":0,"5":0},"b":{"0":[1,1],"1":[0,1],"2":[1,0],"3":[1,1],"4":[0,1],"5":[1,0],"6":[1,1],"7":[0,0],"8":[0,0],"9":[0,0],"10":[0,0],"11":[0,0]},"_coverageSchema":"1a1c01bbd47fc00a2c39e90264f33305004495a9","hash":"2c3800a329e58a52d6c3a4dcb2a9ad4ff0748fb8"}
,"/home/liam/repos/shwordle/routes/user.js": {"path":"/home/liam/repos/shwordle/routes/user.js","statementMap":{"0":{"start":{"line":1,"column":16},"end":{"line":1,"column":34}},"1":{"start":{"line":2,"column":15},"end":{"line":2,"column":31}},"2":{"start":{"line":3,"column":17},"end":{"line":3,"column":36}},"3":{"start":{"line":4,"column":35},"end":{"line":4,"column":63}},"4":{"start":{"line":6,"column":13},"end":{"line":6,"column":38}},"5":{"start":{"line":7,"column":23},"end":{"line":7,"column":63}},"6":{"start":{"line":10,"column":0},"end":{"line":10,"column":49}},"7":{"start":{"line":10,"column":30},"end":{"line":10,"column":47}},"8":{"start":{"line":13,"column":0},"end":{"line":13,"column":52}},"9":{"start":{"line":15,"column":0},"end":{"line":31,"column":2}},"10":{"start":{"line":24,"column":6},"end":{"line":26,"column":7}},"11":{"start":{"line":25,"column":8},"end":{"line":25,"column":73}},"12":{"start":{"line":27,"column":6},"end":{"line":27,"column":18}},"13":{"start":{"line":34,"column":0},"end":{"line":36,"column":3}},"14":{"start":{"line":35,"column":2},"end":{"line":35,"column":38}},"15":{"start":{"line":38,"column":0},"end":{"line":64,"column":2}},"16":{"start":{"line":44,"column":19},"end":{"line":44,"column":40}},"17":{"start":{"line":45,"column":4},"end":{"line":48,"column":5}},"18":{"start":{"line":47,"column":6},"end":{"line":47,"column":73}},"19":{"start":{"line":49,"column":4},"end":{"line":49,"column":11}},"20":{"start":{"line":52,"column":4},"end":{"line":62,"column":23}},"21":{"start":{"line":53,"column":6},"end":{"line":53,"column":32}},"22":{"start":{"line":53,"column":15},"end":{"line":53,"column":32}},"23":{"start":{"line":54,"column":6},"end":{"line":57,"column":7}},"24":{"start":{"line":56,"column":8},"end":{"line":56,"column":102}},"25":{"start":{"line":58,"column":6},"end":{"line":61,"column":9}},"26":{"start":{"line":59,"column":8},"end":{"line":59,"column":34}},"27":{"start":{"line":59,"column":17},"end":{"line":59,"column":34}},"28":{"start":{"line":60,"column":8},"end":{"line":60,"column":33}},"29":{"start":{"line":66,"column":0},"end":{"line":73,"column":3}},"30":{"start":{"line":67,"column":2},"end":{"line":72,"column":5}},"31":{"start":{"line":68,"column":4},"end":{"line":70,"column":5}},"32":{"start":{"line":69,"column":6},"end":{"line":69,"column":23}},"33":{"start":{"line":71,"column":4},"end":{"line":71,"column":22}},"34":{"start":{"line":77,"column":0},"end":{"line":101,"column":3}},"35":{"start":{"line":78,"column":2},"end":{"line":100,"column":3}},"36":{"start":{"line":79,"column":32},"end":{"line":79,"column":40}},"37":{"start":{"line":81,"column":4},"end":{"line":83,"column":5}},"38":{"start":{"line":82,"column":6},"end":{"line":82,"column":96}},"39":{"start":{"line":85,"column":4},"end":{"line":85,"column":66}},"40":{"start":{"line":87,"column":24},"end":{"line":91,"column":5}},"41":{"start":{"line":93,"column":4},"end":{"line":95,"column":5}},"42":{"start":{"line":94,"column":6},"end":{"line":94,"column":63}},"43":{"start":{"line":97,"column":4},"end":{"line":97,"column":26}},"44":{"start":{"line":99,"column":4},"end":{"line":99,"column":85}},"45":{"start":{"line":104,"column":0},"end":{"line":104,"column":24}}},"fnMap":{"0":{"name":"(anonymous_0)","decl":{"start":{"line":10,"column":16},"end":{"line":10,"column":17}},"loc":{"start":{"line":10,"column":30},"end":{"line":10,"column":47}},"line":10},"1":{"name":"(anonymous_1)","decl":{"start":{"line":23,"column":35},"end":{"line":23,"column":36}},"loc":{"start":{"line":23,"column":55},"end":{"line":28,"column":5}},"line":23},"2":{"name":"(anonymous_2)","decl":{"start":{"line":34,"column":21},"end":{"line":34,"column":22}},"loc":{"start":{"line":34,"column":35},"end":{"line":36,"column":1}},"line":34},"3":{"name":"(anonymous_3)","decl":{"start":{"line":43,"column":2},"end":{"line":43,"column":3}},"loc":{"start":{"line":43,"column":22},"end":{"line":50,"column":3}},"line":43},"4":{"name":"(anonymous_4)","decl":{"start":{"line":51,"column":2},"end":{"line":51,"column":3}},"loc":{"start":{"line":51,"column":22},"end":{"line":63,"column":3}},"line":51},"5":{"name":"(anonymous_5)","decl":{"start":{"line":52,"column":35},"end":{"line":52,"column":36}},"loc":{"start":{"line":52,"column":56},"end":{"line":62,"column":5}},"line":52},"6":{"name":"(anonymous_6)","decl":{"start":{"line":58,"column":22},"end":{"line":58,"column":23}},"loc":{"start":{"line":58,"column":31},"end":{"line":61,"column":7}},"line":58},"7":{"name":"(anonymous_7)","decl":{"start":{"line":66,"column":23},"end":{"line":66,"column":24}},"loc":{"start":{"line":66,"column":43},"end":{"line":73,"column":1}},"line":66},"8":{"name":"(anonymous_8)","decl":{"start":{"line":67,"column":13},"end":{"line":67,"column":14}},"loc":{"start":{"line":67,"column":22},"end":{"line":72,"column":3}},"line":67},"9":{"name":"(anonymous_9)","decl":{"start":{"line":77,"column":29},"end":{"line":77,"column":30}},"loc":{"start":{"line":77,"column":49},"end":{"line":101,"column":1}},"line":77}},"branchMap":{"0":{"loc":{"start":{"line":24,"column":6},"end":{"line":26,"column":7}},"type":"if","locations":[{"start":{"line":24,"column":6},"end":{"line":26,"column":7}},{"start":{},"end":{}}],"line":24},"1":{"loc":{"start":{"line":45,"column":4},"end":{"line":48,"column":5}},"type":"if","locations":[{"start":{"line":45,"column":4},"end":{"line":48,"column":5}},{"start":{},"end":{}}],"line":45},"2":{"loc":{"start":{"line":53,"column":6},"end":{"line":53,"column":32}},"type":"if","locations":[{"start":{"line":53,"column":6},"end":{"line":53,"column":32}},{"start":{},"end":{}}],"line":53},"3":{"loc":{"start":{"line":54,"column":6},"end":{"line":57,"column":7}},"type":"if","locations":[{"start":{"line":54,"column":6},"end":{"line":57,"column":7}},{"start":{},"end":{}}],"line":54},"4":{"loc":{"start":{"line":59,"column":8},"end":{"line":59,"column":34}},"type":"if","locations":[{"start":{"line":59,"column":8},"end":{"line":59,"column":34}},{"start":{},"end":{}}],"line":59},"5":{"loc":{"start":{"line":68,"column":4},"end":{"line":70,"column":5}},"type":"if","locations":[{"start":{"line":68,"column":4},"end":{"line":70,"column":5}},{"start":{},"end":{}}],"line":68},"6":{"loc":{"start":{"line":81,"column":4},"end":{"line":83,"column":5}},"type":"if","locations":[{"start":{"line":81,"column":4},"end":{"line":83,"column":5}},{"start":{},"end":{}}],"line":81},"7":{"loc":{"start":{"line":81,"column":8},"end":{"line":81,"column":34}},"type":"binary-expr","locations":[{"start":{"line":81,"column":8},"end":{"line":81,"column":17}},{"start":{"line":81,"column":21},"end":{"line":81,"column":34}}],"line":81},"8":{"loc":{"start":{"line":93,"column":4},"end":{"line":95,"column":5}},"type":"if","locations":[{"start":{"line":93,"column":4},"end":{"line":95,"column":5}},{"start":{},"end":{}}],"line":93}},"s":{"0":1,"1":1,"2":1,"3":1,"4":1,"5":1,"6":1,"7":0,"8":1,"9":1,"10":0,"11":0,"12":0,"13":1,"14":0,"15":1,"16":0,"17":0,"18":0,"19":0,"20":0,"21":0,"22":0,"23":0,"24":0,"25":0,"26":0,"27":0,"28":0,"29":1,"30":0,"31":0,"32":0,"33":0,"34":1,"35":0,"36":0,"37":0,"38":0,"39":0,"40":0,"41":0,"42":0,"43":0,"44":0,"45":1},"f":{"0":0,"1":0,"2":0,"3":0,"4":0,"5":0,"6":0,"7":0,"8":0,"9":0},"b":{"0":[0,0],"1":[0,0],"2":[0,0],"3":[0,0],"4":[0,0],"5":[0,0],"6":[0,0],"7":[0,0],"8":[0,0]},"_coverageSchema":"1a1c01bbd47fc00a2c39e90264f33305004495a9","hash":"b5833abd5163657f7bfd59cf14024c226d3a392d"}
}
