TN:
SF:app.js
FN:36,(anonymous_0)
FN:37,main
FN:53,(anonymous_2)
FN:73,(anonymous_3)
FN:77,(anonymous_4)
FN:91,(anonymous_5)
FN:110,(anonymous_6)
FN:115,(anonymous_7)
FNF:8
FNH:6
FNDA:0,(anonymous_0)
FNDA:3,main
FNDA:2,(anonymous_2)
FNDA:1,(anonymous_3)
FNDA:0,(anonymous_4)
FNDA:16,(anonymous_5)
FNDA:1,(anonymous_6)
FNDA:1,(anonymous_7)
DA:1,3
DA:2,3
DA:5,3
DA:6,3
DA:7,3
DA:8,3
DA:9,3
DA:11,3
DA:12,3
DA:13,3
DA:14,3
DA:16,3
DA:18,3
DA:19,3
DA:21,3
DA:24,3
DA:25,3
DA:29,3
DA:30,3
DA:33,3
DA:36,3
DA:38,3
DA:42,3
DA:52,3
DA:54,2
DA:55,2
DA:56,2
DA:57,0
DA:60,2
DA:61,2
DA:63,1
DA:66,1
DA:68,0
DA:73,3
DA:74,1
DA:77,3
DA:78,0
DA:79,0
DA:80,0
DA:82,0
DA:86,3
DA:87,3
DA:89,3
DA:91,3
DA:92,16
DA:93,16
DA:97,3
DA:98,3
DA:100,3
DA:101,3
DA:102,3
DA:103,3
DA:104,3
DA:106,3
DA:107,3
DA:110,3
DA:111,1
DA:115,3
DA:117,1
DA:118,1
DA:121,1
DA:122,1
DA:125,3
LF:63
LH:57
BRDA:1,0,0,3
BRDA:1,0,1,0
BRDA:56,1,0,0
BRDA:56,1,1,2
BRDA:61,2,0,1
BRDA:61,2,1,1
BRDA:118,3,0,0
BRDA:118,3,1,1
BRDA:121,4,0,1
BRDA:121,4,1,0
BRF:10
BRH:6
end_of_record
TN:
SF:controllers/gameController.js
FN:12978,(anonymous_0)
FN:12988,(anonymous_1)
FN:12993,(anonymous_2)
FN:13007,(anonymous_3)
FN:13022,(anonymous_4)
FNF:5
FNH:5
FNDA:2,(anonymous_0)
FNDA:2,(anonymous_1)
FNDA:9,(anonymous_2)
FNDA:1,(anonymous_3)
FNDA:3,(anonymous_4)
DA:1,3
DA:2317,3
DA:12976,3
DA:12978,3
DA:12979,2
DA:12980,2
DA:12982,2
DA:12983,2
DA:12985,2
DA:12988,3
DA:12989,2
DA:12990,2
DA:12993,3
DA:12996,9
DA:12998,8
DA:13000,4
DA:13004,3
DA:13007,3
DA:13009,1
DA:13011,1
DA:13012,1
DA:13013,1
DA:13014,1
DA:13015,1
DA:13017,1
DA:13019,1
DA:13022,3
DA:13024,3
DA:13026,3
DA:13027,3
DA:13028,3
DA:13029,3
DA:13030,3
DA:13032,3
LF:34
LH:34
BRDA:12996,0,0,1
BRDA:12996,0,1,8
BRDA:12998,1,0,4
BRDA:12998,1,1,4
BRF:4
BRH:4
end_of_record
TN:
SF:controllers/userController.js
FN:5,(anonymous_0)
FN:9,(anonymous_1)
FN:13,(anonymous_2)
FN:35,(anonymous_3)
FN:50,(anonymous_4)
FN:62,calculateStats
FN:65,(anonymous_6)
FNF:7
FNH:5
FNDA:0,(anonymous_0)
FNDA:0,(anonymous_1)
FNDA:3,(anonymous_2)
FNDA:1,(anonymous_3)
FNDA:2,(anonymous_4)
FNDA:1,calculateStats
FNDA:3,(anonymous_6)
DA:1,4
DA:2,4
DA:3,4
DA:5,4
DA:6,0
DA:9,4
DA:10,0
DA:13,4
DA:14,3
DA:15,3
DA:17,3
DA:18,3
DA:19,1
DA:22,3
DA:23,2
DA:24,2
DA:28,1
DA:29,1
DA:33,1
DA:35,1
DA:36,1
DA:37,0
DA:39,1
DA:43,0
DA:50,4
DA:51,2
DA:52,2
DA:53,2
DA:55,1
DA:56,1
DA:58,0
DA:64,1
DA:65,1
DA:66,3
DA:68,1
DA:69,1
LF:36
LH:31
BRDA:18,0,0,1
BRDA:18,0,1,2
BRDA:22,1,0,2
BRDA:22,1,1,1
BRDA:36,2,0,0
BRDA:36,2,1,1
BRDA:53,3,0,1
BRDA:53,3,1,1
BRDA:66,4,0,3
BRDA:66,4,1,0
BRF:10
BRH:8
end_of_record
TN:
SF:models/user.js
FNF:0
FNH:0
DA:1,4
DA:3,4
DA:9,4
DA:11,4
LF:4
LH:4
BRF:0
BRH:0
end_of_record
TN:
SF:routes/index.js
FN:14,(anonymous_0)
FN:17,(anonymous_1)
FN:31,(anonymous_2)
FN:51,(anonymous_3)
FN:73,(anonymous_4)
FN:107,(anonymous_5)
FNF:6
FNH:6
FNDA:2,(anonymous_0)
FNDA:2,(anonymous_1)
FNDA:1,(anonymous_2)
FNDA:1,(anonymous_3)
FNDA:2,(anonymous_4)
FNDA:2,(anonymous_5)
DA:1,3
DA:2,3
DA:4,3
DA:6,3
DA:7,3
DA:10,3
DA:14,3
DA:15,2
DA:16,2
DA:17,2
DA:18,2
DA:19,1
DA:20,1
DA:22,1
DA:25,0
DA:26,0
DA:31,3
DA:32,1
DA:34,1
DA:37,1
DA:38,0
DA:39,0
DA:42,1
DA:51,3
DA:52,1
DA:54,1
DA:56,1
DA:59,1
DA:60,0
DA:61,0
DA:64,1
DA:73,3
DA:75,2
DA:77,2
DA:78,2
DA:80,2
DA:81,1
DA:84,1
DA:85,1
DA:89,1
DA:92,1
DA:93,0
DA:94,0
DA:97,1
DA:107,3
DA:108,2
DA:109,2
DA:110,2
DA:111,1
DA:113,1
DA:114,1
DA:118,3
LF:52
LH:44
BRDA:18,0,0,1
BRDA:18,0,1,1
BRDA:37,1,0,0
BRDA:37,1,1,1
BRDA:44,2,0,1
BRDA:44,2,1,0
BRDA:45,3,0,1
BRDA:45,3,1,1
BRDA:59,4,0,0
BRDA:59,4,1,1
BRDA:66,5,0,1
BRDA:66,5,1,0
BRDA:67,6,0,1
BRDA:67,6,1,1
BRDA:75,7,0,2
BRDA:75,7,1,0
BRDA:80,8,0,1
BRDA:80,8,1,1
BRDA:92,9,0,0
BRDA:92,9,1,1
BRDA:99,10,0,1
BRDA:99,10,1,0
BRDA:100,11,0,1
BRDA:100,11,1,1
BRF:24
BRH:17
end_of_record
TN:
SF:routes/user.js
FN:10,(anonymous_0)
FN:23,(anonymous_1)
FN:34,(anonymous_2)
FN:43,(anonymous_3)
FN:51,(anonymous_4)
FN:52,(anonymous_5)
FN:58,(anonymous_6)
FN:66,(anonymous_7)
FN:67,(anonymous_8)
FN:77,(anonymous_9)
FNF:10
FNH:8
FNDA:0,(anonymous_0)
FNDA:2,(anonymous_1)
FNDA:0,(anonymous_2)
FNDA:2,(anonymous_3)
FNDA:2,(anonymous_4)
FNDA:2,(anonymous_5)
FNDA:1,(anonymous_6)
FNDA:1,(anonymous_7)
FNDA:1,(anonymous_8)
FNDA:2,(anonymous_9)
DA:1,3
DA:2,3
DA:3,3
DA:4,3
DA:6,3
DA:7,3
DA:10,3
DA:13,3
DA:15,3
DA:24,2
DA:25,1
DA:27,1
DA:34,3
DA:35,0
DA:38,3
DA:44,2
DA:45,2
DA:47,0
DA:49,2
DA:52,2
DA:53,2
DA:54,2
DA:56,1
DA:58,1
DA:59,1
DA:60,1
DA:66,3
DA:67,1
DA:68,1
DA:69,0
DA:71,1
DA:77,3
DA:78,2
DA:79,2
DA:81,2
DA:82,0
DA:85,2
DA:87,2
DA:93,2
DA:94,1
DA:97,1
DA:99,0
DA:104,3
LF:43
LH:38
BRDA:24,0,0,1
BRDA:24,0,1,1
BRDA:45,1,0,0
BRDA:45,1,1,2
BRDA:53,2,0,0
BRDA:53,2,1,2
BRDA:54,3,0,1
BRDA:54,3,1,1
BRDA:59,4,0,0
BRDA:59,4,1,1
BRDA:68,5,0,0
BRDA:68,5,1,1
BRDA:81,6,0,0
BRDA:81,6,1,2
BRDA:81,7,0,2
BRDA:81,7,1,2
BRDA:93,8,0,1
BRDA:93,8,1,1
BRF:18
BRH:13
end_of_record
